# JRE version: OpenJDK Runtime Environment Temurin-17.0.2+8 (17.0.2+8) (build 17.0.2+8)
# Java VM: OpenJDK 64-Bit Server VM Temurin-17.0.2+8 (17.0.2+8, mixed mode, tiered, compressed oops, compressed class ptrs, g1 gc, windows-amd64)
GC Precious Log:
 CPUs: 8 total, 8 available
 Memory: 8101M
 Large Page Support: Disabled
 NUMA Support: Disabled
 Compressed Oops: Enabled (32-bit)
 Heap Region Size: 1M
 Heap Min Capacity: 8M
 Heap Initial Capacity: 128M
 Heap Max Capacity: 2026M
 Pre-touch: Disabled
 Parallel Workers: 8
 Concurrent Workers: 2
 Concurrent Refinement Workers: 8
 Periodic GC: Disabled
Heap:
 garbage-first heap   total 131072K, used 61099K [0x0000000081600000, 0x0000000100000000)
  region size 1024K, 2 young (2048K), 2 survivors (2048K)
 Metaspace       used 69407K, committed 69824K, reserved 1114112K
  class space    used 8877K, committed 9088K, reserved 1048576K
GC Heap History (20 events):
Event: 8.933 GC heap after
{Heap after GC invocations=29 (full 0):
 garbage-first heap   total 55296K, used 32166K [0x0000000081600000, 0x0000000100000000)
  region size 1024K, 2 young (2048K), 2 survivors (2048K)
 Metaspace       used 64413K, committed 64832K, reserved 1105920K
  class space    used 8199K, committed 8448K, reserved 1048576K
}
Event: 9.420 GC heap before
{Heap before GC invocations=30 (full 0):
 garbage-first heap   total 58368K, used 44454K [0x0000000081600000, 0x0000000100000000)
  region size 1024K, 14 young (14336K), 2 survivors (2048K)
 Metaspace       used 65297K, committed 65728K, reserved 1114112K
  class space    used 8346K, committed 8576K, reserved 1048576K
}
Event: 9.425 GC heap after
{Heap after GC invocations=31 (full 0):
 garbage-first heap   total 58368K, used 33346K [0x0000000081600000, 0x0000000100000000)
  region size 1024K, 2 young (2048K), 2 survivors (2048K)
 Metaspace       used 65297K, committed 65728K, reserved 1114112K
  class space    used 8346K, committed 8576K, reserved 1048576K
}
Event: 9.820 GC heap before
{Heap before GC invocations=31 (full 0):
 garbage-first heap   total 58368K, used 46658K [0x0000000081600000, 0x0000000100000000)
  region size 1024K, 15 young (15360K), 2 survivors (2048K)
 Metaspace       used 66277K, committed 66688K, reserved 1114112K
  class space    used 8506K, committed 8704K, reserved 1048576K
}
Event: 9.826 GC heap after
{Heap after GC invocations=32 (full 0):
 garbage-first heap   total 70656K, used 34941K [0x0000000081600000, 0x0000000100000000)
  region size 1024K, 2 young (2048K), 2 survivors (2048K)
 Metaspace       used 66277K, committed 66688K, reserved 1114112K
  class space    used 8506K, committed 8704K, reserved 1048576K
}
Event: 10.617 GC heap before
{Heap before GC invocations=33 (full 0):
 garbage-first heap   total 70656K, used 56445K [0x0000000081600000, 0x0000000100000000)
  region size 1024K, 23 young (23552K), 2 survivors (2048K)
 Metaspace       used 68918K, committed 69376K, reserved 1114112K
  class space    used 8849K, committed 9088K, reserved 1048576K
}
Event: 10.622 GC heap after
{Heap after GC invocations=34 (full 0):
 garbage-first heap   total 70656K, used 37053K [0x0000000081600000, 0x0000000100000000)
  region size 1024K, 3 young (3072K), 3 survivors (3072K)
 Metaspace       used 68918K, committed 69376K, reserved 1114112K
  class space    used 8849K, committed 9088K, reserved 1048576K
}
Event: 10.654 GC heap before
{Heap before GC invocations=34 (full 0):
 garbage-first heap   total 70656K, used 39101K [0x0000000081600000, 0x0000000100000000)
  region size 1024K, 7 young (7168K), 3 survivors (3072K)
 Metaspace       used 69054K, committed 69504K, reserved 1114112K
  class space    used 8860K, committed 9088K, reserved 1048576K
}
Event: 10.659 GC heap after
{Heap after GC invocations=35 (full 0):
 garbage-first heap   total 70656K, used 37853K [0x0000000081600000, 0x0000000100000000)
  region size 1024K, 1 young (1024K), 1 survivors (1024K)
 Metaspace       used 69054K, committed 69504K, reserved 1114112K
  class space    used 8860K, committed 9088K, reserved 1048576K
}
Event: 10.832 GC heap before
{Heap before GC invocations=36 (full 0):
 garbage-first heap   total 86016K, used 57309K [0x0000000081600000, 0x0000000100000000)
  region size 1024K, 20 young (20480K), 1 survivors (1024K)
 Metaspace       used 69160K, committed 69632K, reserved 1114112K
  class space    used 8864K, committed 9088K, reserved 1048576K
}
Event: 10.836 GC heap after
{Heap after GC invocations=37 (full 0):
 garbage-first heap   total 86016K, used 41739K [0x0000000081600000, 0x0000000100000000)
  region size 1024K, 3 young (3072K), 3 survivors (3072K)
 Metaspace       used 69160K, committed 69632K, reserved 1114112K
  class space    used 8864K, committed 9088K, reserved 1048576K
}
Event: 10.995 GC heap before
{Heap before GC invocations=37 (full 0):
 garbage-first heap   total 86016K, used 62219K [0x0000000081600000, 0x0000000100000000)
  region size 1024K, 25 young (25600K), 3 survivors (3072K)
 Metaspace       used 69310K, committed 69696K, reserved 1114112K
  class space    used 8877K, committed 9088K, reserved 1048576K
}
Event: 11.001 GC heap after
{Heap after GC invocations=38 (full 0):
 garbage-first heap   total 86016K, used 47465K [0x0000000081600000, 0x0000000100000000)
  region size 1024K, 4 young (4096K), 4 survivors (4096K)
 Metaspace       used 69310K, committed 69696K, reserved 1114112K
  class space    used 8877K, committed 9088K, reserved 1048576K
}
Event: 11.067 GC heap before
{Heap before GC invocations=38 (full 0):
 garbage-first heap   total 86016K, used 65897K [0x0000000081600000, 0x0000000100000000)
  region size 1024K, 22 young (22528K), 4 survivors (4096K)
 Metaspace       used 69333K, committed 69824K, reserved 1114112K
  class space    used 8877K, committed 9088K, reserved 1048576K
}
Event: 11.071 GC heap after
{Heap after GC invocations=39 (full 0):
 garbage-first heap   total 86016K, used 51390K [0x0000000081600000, 0x0000000100000000)
  region size 1024K, 3 young (3072K), 3 survivors (3072K)
 Metaspace       used 69333K, committed 69824K, reserved 1114112K
  class space    used 8877K, committed 9088K, reserved 1048576K
}
Event: 11.132 GC heap before
{Heap before GC invocations=40 (full 0):
 garbage-first heap   total 96256K, used 65726K [0x0000000081600000, 0x0000000100000000)
  region size 1024K, 18 young (18432K), 3 survivors (3072K)
 Metaspace       used 69348K, committed 69824K, reserved 1114112K
  class space    used 8877K, committed 9088K, reserved 1048576K
}
Event: 11.136 GC heap after
{Heap after GC invocations=41 (full 0):
 garbage-first heap   total 96256K, used 56769K [0x0000000081600000, 0x0000000100000000)
  region size 1024K, 3 young (3072K), 3 survivors (3072K)
 Metaspace       used 69348K, committed 69824K, reserved 1114112K
  class space    used 8877K, committed 9088K, reserved 1048576K
}
Event: 11.190 GC heap before
{Heap before GC invocations=41 (full 0):
 garbage-first heap   total 96256K, used 60865K [0x0000000081600000, 0x0000000100000000)
  region size 1024K, 8 young (8192K), 3 survivors (3072K)
 Metaspace       used 69384K, committed 69824K, reserved 1114112K
  class space    used 8877K, committed 9088K, reserved 1048576K
}
Event: 11.192 GC heap after
{Heap after GC invocations=42 (full 0):
 garbage-first heap   total 96256K, used 58118K [0x0000000081600000, 0x0000000100000000)
  region size 1024K, 1 young (1024K), 1 survivors (1024K)
 Metaspace       used 69384K, committed 69824K, reserved 1114112K
  class space    used 8877K, committed 9088K, reserved 1048576K
}
Event: 11.237 GC heap before
{Heap before GC invocations=42 (full 0):
 garbage-first heap   total 96256K, used 72454K [0x0000000081600000, 0x0000000100000000)
  region size 1024K, 15 young (15360K), 1 survivors (1024K)
 Metaspace       used 69407K, committed 69824K, reserved 1114112K
  class space    used 8877K, committed 9088K, reserved 1048576K
}

