# JRE version: OpenJDK Runtime Environment Temurin-17.0.2+8 (17.0.2+8) (build 17.0.2+8)
# Java VM: OpenJDK 64-Bit Server VM Temurin-17.0.2+8 (17.0.2+8, mixed mode, tiered, compressed oops, compressed class ptrs, g1 gc, windows-amd64)
GC Precious Log:
 CPUs: 8 total, 8 available
 Memory: 8101M
 Large Page Support: Disabled
 NUMA Support: Disabled
 Compressed Oops: Enabled (32-bit)
 Heap Region Size: 1M
 Heap Min Capacity: 8M
 Heap Initial Capacity: 128M
 Heap Max Capacity: 2026M
 Pre-touch: Disabled
 Parallel Workers: 8
 Concurrent Workers: 2
 Concurrent Refinement Workers: 8
 Periodic GC: Disabled
Heap:
 garbage-first heap   total 131072K, used 59797K [0x0000000081600000, 0x0000000100000000)
  region size 1024K, 1 young (1024K), 1 survivors (1024K)
 Metaspace       used 70508K, committed 70912K, reserved 1114112K
  class space    used 9013K, committed 9216K, reserved 1048576K
GC Heap History (20 events):
Event: 9.189 GC heap after
{Heap after GC invocations=32 (full 0):
 garbage-first heap   total 67584K, used 33906K [0x0000000081600000, 0x0000000100000000)
  region size 1024K, 1 young (1024K), 1 survivors (1024K)
 Metaspace       used 65396K, committed 65792K, reserved 1105920K
  class space    used 8377K, committed 8576K, reserved 1048576K
}
Event: 9.665 GC heap before
{Heap before GC invocations=33 (full 0):
 garbage-first heap   total 67584K, used 53362K [0x0000000081600000, 0x0000000100000000)
  region size 1024K, 20 young (20480K), 1 survivors (1024K)
 Metaspace       used 66945K, committed 67392K, reserved 1114112K
  class space    used 8612K, committed 8832K, reserved 1048576K
}
Event: 9.668 GC heap after
{Heap after GC invocations=34 (full 0):
 garbage-first heap   total 67584K, used 35943K [0x0000000081600000, 0x0000000100000000)
  region size 1024K, 3 young (3072K), 3 survivors (3072K)
 Metaspace       used 66945K, committed 67392K, reserved 1114112K
  class space    used 8612K, committed 8832K, reserved 1048576K
}
Event: 10.071 GC heap before
{Heap before GC invocations=34 (full 0):
 garbage-first heap   total 67584K, used 54375K [0x0000000081600000, 0x0000000100000000)
  region size 1024K, 21 young (21504K), 3 survivors (3072K)
 Metaspace       used 68708K, committed 69184K, reserved 1114112K
  class space    used 8840K, committed 9088K, reserved 1048576K
}
Event: 10.075 GC heap after
{Heap after GC invocations=35 (full 0):
 garbage-first heap   total 67584K, used 37709K [0x0000000081600000, 0x0000000100000000)
  region size 1024K, 2 young (2048K), 2 survivors (2048K)
 Metaspace       used 68708K, committed 69184K, reserved 1114112K
  class space    used 8840K, committed 9088K, reserved 1048576K
}
Event: 10.212 GC heap before
{Heap before GC invocations=36 (full 0):
 garbage-first heap   total 70656K, used 42829K [0x0000000081600000, 0x0000000100000000)
  region size 1024K, 8 young (8192K), 2 survivors (2048K)
 Metaspace       used 69221K, committed 69632K, reserved 1114112K
  class space    used 8899K, committed 9088K, reserved 1048576K
}
Event: 10.227 GC heap after
{Heap after GC invocations=37 (full 0):
 garbage-first heap   total 70656K, used 38814K [0x0000000081600000, 0x0000000100000000)
  region size 1024K, 1 young (1024K), 1 survivors (1024K)
 Metaspace       used 69221K, committed 69632K, reserved 1114112K
  class space    used 8899K, committed 9088K, reserved 1048576K
}
Event: 10.371 GC heap before
{Heap before GC invocations=37 (full 0):
 garbage-first heap   total 94208K, used 58270K [0x0000000081600000, 0x0000000100000000)
  region size 1024K, 20 young (20480K), 1 survivors (1024K)
 Metaspace       used 69320K, committed 69760K, reserved 1114112K
  class space    used 8901K, committed 9088K, reserved 1048576K
}
Event: 10.375 GC heap after
{Heap after GC invocations=38 (full 0):
 garbage-first heap   total 94208K, used 42297K [0x0000000081600000, 0x0000000100000000)
  region size 1024K, 3 young (3072K), 3 survivors (3072K)
 Metaspace       used 69320K, committed 69760K, reserved 1114112K
  class space    used 8901K, committed 9088K, reserved 1048576K
}
Event: 10.592 GC heap before
{Heap before GC invocations=39 (full 0):
 garbage-first heap   total 94208K, used 73017K [0x0000000081600000, 0x0000000100000000)
  region size 1024K, 33 young (33792K), 3 survivors (3072K)
 Metaspace       used 69487K, committed 69952K, reserved 1114112K
  class space    used 8915K, committed 9152K, reserved 1048576K
}
Event: 10.599 GC heap after
{Heap after GC invocations=40 (full 0):
 garbage-first heap   total 94208K, used 51270K [0x0000000081600000, 0x0000000100000000)
  region size 1024K, 5 young (5120K), 5 survivors (5120K)
 Metaspace       used 69487K, committed 69952K, reserved 1114112K
  class space    used 8915K, committed 9152K, reserved 1048576K
}
Event: 10.712 GC heap before
{Heap before GC invocations=40 (full 0):
 garbage-first heap   total 94208K, used 70726K [0x0000000081600000, 0x0000000100000000)
  region size 1024K, 25 young (25600K), 5 survivors (5120K)
 Metaspace       used 69492K, committed 69952K, reserved 1114112K
  class space    used 8915K, committed 9152K, reserved 1048576K
}
Event: 10.718 GC heap after
{Heap after GC invocations=41 (full 0):
 garbage-first heap   total 94208K, used 54837K [0x0000000081600000, 0x0000000100000000)
  region size 1024K, 4 young (4096K), 4 survivors (4096K)
 Metaspace       used 69492K, committed 69952K, reserved 1114112K
  class space    used 8915K, committed 9152K, reserved 1048576K
}
Event: 10.883 GC heap before
{Heap before GC invocations=42 (full 0):
 garbage-first heap   total 107520K, used 73269K [0x0000000081600000, 0x0000000100000000)
  region size 1024K, 22 young (22528K), 4 survivors (4096K)
 Metaspace       used 69541K, committed 69952K, reserved 1114112K
  class space    used 8915K, committed 9152K, reserved 1048576K
}
Event: 10.888 GC heap after
{Heap after GC invocations=43 (full 0):
 garbage-first heap   total 107520K, used 61930K [0x0000000081600000, 0x0000000100000000)
  region size 1024K, 3 young (3072K), 3 survivors (3072K)
 Metaspace       used 69541K, committed 69952K, reserved 1114112K
  class space    used 8915K, committed 9152K, reserved 1048576K
}
Event: 11.026 GC heap before
{Heap before GC invocations=43 (full 0):
 garbage-first heap   total 107520K, used 80362K [0x0000000081600000, 0x0000000100000000)
  region size 1024K, 22 young (22528K), 3 survivors (3072K)
 Metaspace       used 69579K, committed 70016K, reserved 1114112K
  class space    used 8915K, committed 9152K, reserved 1048576K
}
Event: 11.031 GC heap after
{Heap after GC invocations=44 (full 0):
 garbage-first heap   total 107520K, used 65121K [0x0000000081600000, 0x0000000100000000)
  region size 1024K, 3 young (3072K), 3 survivors (3072K)
 Metaspace       used 69579K, committed 70016K, reserved 1114112K
  class space    used 8915K, committed 9152K, reserved 1048576K
}
Event: 11.290 GC heap before
{Heap before GC invocations=45 (full 0):
 garbage-first heap   total 122880K, used 80481K [0x0000000081600000, 0x0000000100000000)
  region size 1024K, 21 young (21504K), 3 survivors (3072K)
 Metaspace       used 69988K, committed 70400K, reserved 1114112K
  class space    used 8954K, committed 9152K, reserved 1048576K
}
Event: 11.297 GC heap after
{Heap after GC invocations=46 (full 0):
 garbage-first heap   total 122880K, used 67100K [0x0000000081600000, 0x0000000100000000)
  region size 1024K, 3 young (3072K), 3 survivors (3072K)
 Metaspace       used 69988K, committed 70400K, reserved 1114112K
  class space    used 8954K, committed 9152K, reserved 1048576K
}
Event: 11.390 GC heap before
{Heap before GC invocations=46 (full 0):
 garbage-first heap   total 122880K, used 70172K [0x0000000081600000, 0x0000000100000000)
  region size 1024K, 6 young (6144K), 3 survivors (3072K)
 Metaspace       used 70508K, committed 70912K, reserved 1114112K
  class space    used 9013K, committed 9216K, reserved 1048576K
}

