# JRE version: OpenJDK Runtime Environment Temurin-17.0.2+8 (17.0.2+8) (build 17.0.2+8)
# Java VM: OpenJDK 64-Bit Server VM Temurin-17.0.2+8 (17.0.2+8, mixed mode, tiered, compressed oops, compressed class ptrs, g1 gc, windows-amd64)
GC Precious Log:
 CPUs: 8 total, 8 available
 Memory: 8101M
 Large Page Support: Disabled
 NUMA Support: Disabled
 Compressed Oops: Enabled (32-bit)
 Heap Region Size: 1M
 Heap Min Capacity: 8M
 Heap Initial Capacity: 128M
 Heap Max Capacity: 2026M
 Pre-touch: Disabled
 Parallel Workers: 8
 Concurrent Workers: 2
 Concurrent Refinement Workers: 8
 Periodic GC: Disabled
Heap:
 garbage-first heap   total 109568K, used 55474K [0x0000000081600000, 0x0000000100000000)
  region size 1024K, 2 young (2048K), 2 survivors (2048K)
 Metaspace       used 76214K, committed 76736K, reserved 1122304K
  class space    used 9617K, committed 9856K, reserved 1048576K
GC Heap History (20 events):
Event: 12.536 GC heap after
{Heap after GC invocations=29 (full 0):
 garbage-first heap   total 109568K, used 43058K [0x0000000081600000, 0x0000000100000000)
  region size 1024K, 7 young (7168K), 7 survivors (7168K)
 Metaspace       used 69436K, committed 69888K, reserved 1114112K
  class space    used 8907K, committed 9152K, reserved 1048576K
}
Event: 12.905 GC heap before
{Heap before GC invocations=29 (full 0):
 garbage-first heap   total 109568K, used 84018K [0x0000000081600000, 0x0000000100000000)
  region size 1024K, 47 young (48128K), 7 survivors (7168K)
 Metaspace       used 69569K, committed 70016K, reserved 1114112K
  class space    used 8917K, committed 9152K, reserved 1048576K
}
Event: 12.911 GC heap after
{Heap after GC invocations=30 (full 0):
 garbage-first heap   total 109568K, used 45225K [0x0000000081600000, 0x0000000100000000)
  region size 1024K, 6 young (6144K), 6 survivors (6144K)
 Metaspace       used 69569K, committed 70016K, reserved 1114112K
  class space    used 8917K, committed 9152K, reserved 1048576K
}
Event: 13.384 GC heap before
{Heap before GC invocations=30 (full 0):
 garbage-first heap   total 109568K, used 84137K [0x0000000081600000, 0x0000000100000000)
  region size 1024K, 44 young (45056K), 6 survivors (6144K)
 Metaspace       used 69603K, committed 70080K, reserved 1114112K
  class space    used 8917K, committed 9152K, reserved 1048576K
}
Event: 13.388 GC heap after
{Heap after GC invocations=31 (full 0):
 garbage-first heap   total 109568K, used 45946K [0x0000000081600000, 0x0000000100000000)
  region size 1024K, 6 young (6144K), 6 survivors (6144K)
 Metaspace       used 69603K, committed 70080K, reserved 1114112K
  class space    used 8917K, committed 9152K, reserved 1048576K
}
Event: 14.322 GC heap before
{Heap before GC invocations=31 (full 0):
 garbage-first heap   total 109568K, used 83834K [0x0000000081600000, 0x0000000100000000)
  region size 1024K, 43 young (44032K), 6 survivors (6144K)
 Metaspace       used 71101K, committed 71552K, reserved 1114112K
  class space    used 9081K, committed 9280K, reserved 1048576K
}
Event: 14.328 GC heap after
{Heap after GC invocations=32 (full 0):
 garbage-first heap   total 109568K, used 43842K [0x0000000081600000, 0x0000000100000000)
  region size 1024K, 4 young (4096K), 4 survivors (4096K)
 Metaspace       used 71101K, committed 71552K, reserved 1114112K
  class space    used 9081K, committed 9280K, reserved 1048576K
}
Event: 345.329 GC heap before
{Heap before GC invocations=32 (full 0):
 garbage-first heap   total 109568K, used 83778K [0x0000000081600000, 0x0000000100000000)
  region size 1024K, 43 young (44032K), 4 survivors (4096K)
 Metaspace       used 74335K, committed 74816K, reserved 1114112K
  class space    used 9472K, committed 9728K, reserved 1048576K
}
Event: 345.335 GC heap after
{Heap after GC invocations=33 (full 0):
 garbage-first heap   total 109568K, used 45633K [0x0000000081600000, 0x0000000100000000)
  region size 1024K, 3 young (3072K), 3 survivors (3072K)
 Metaspace       used 74335K, committed 74816K, reserved 1114112K
  class space    used 9472K, committed 9728K, reserved 1048576K
}
Event: 486.319 GC heap before
{Heap before GC invocations=33 (full 0):
 garbage-first heap   total 109568K, used 52801K [0x0000000081600000, 0x0000000100000000)
  region size 1024K, 11 young (11264K), 3 survivors (3072K)
 Metaspace       used 74979K, committed 75456K, reserved 1122304K
  class space    used 9556K, committed 9792K, reserved 1048576K
}
Event: 486.372 GC heap after
{Heap after GC invocations=34 (full 1):
 garbage-first heap   total 109568K, used 35430K [0x0000000081600000, 0x0000000100000000)
  region size 1024K, 0 young (0K), 0 survivors (0K)
 Metaspace       used 74972K, committed 75456K, reserved 1122304K
  class space    used 9555K, committed 9792K, reserved 1048576K
}
Event: 486.930 GC heap before
{Heap before GC invocations=34 (full 1):
 garbage-first heap   total 109568K, used 81510K [0x0000000081600000, 0x0000000100000000)
  region size 1024K, 46 young (47104K), 0 survivors (0K)
 Metaspace       used 75358K, committed 75776K, reserved 1122304K
  class space    used 9568K, committed 9792K, reserved 1048576K
}
Event: 486.933 GC heap after
{Heap after GC invocations=35 (full 1):
 garbage-first heap   total 109568K, used 38752K [0x0000000081600000, 0x0000000100000000)
  region size 1024K, 4 young (4096K), 4 survivors (4096K)
 Metaspace       used 75358K, committed 75776K, reserved 1122304K
  class space    used 9568K, committed 9792K, reserved 1048576K
}
Event: 487.397 GC heap before
{Heap before GC invocations=35 (full 1):
 garbage-first heap   total 109568K, used 82784K [0x0000000081600000, 0x0000000100000000)
  region size 1024K, 48 young (49152K), 4 survivors (4096K)
 Metaspace       used 75944K, committed 76352K, reserved 1122304K
  class space    used 9599K, committed 9792K, reserved 1048576K
}
Event: 487.401 GC heap after
{Heap after GC invocations=36 (full 1):
 garbage-first heap   total 109568K, used 41061K [0x0000000081600000, 0x0000000100000000)
  region size 1024K, 6 young (6144K), 6 survivors (6144K)
 Metaspace       used 75944K, committed 76352K, reserved 1122304K
  class space    used 9599K, committed 9792K, reserved 1048576K
}
Event: 487.609 GC heap before
{Heap before GC invocations=36 (full 1):
 garbage-first heap   total 109568K, used 85093K [0x0000000081600000, 0x0000000100000000)
  region size 1024K, 49 young (50176K), 6 survivors (6144K)
 Metaspace       used 76131K, committed 76672K, reserved 1122304K
  class space    used 9613K, committed 9856K, reserved 1048576K
}
Event: 487.616 GC heap after
{Heap after GC invocations=37 (full 1):
 garbage-first heap   total 109568K, used 47036K [0x0000000081600000, 0x0000000100000000)
  region size 1024K, 7 young (7168K), 7 survivors (7168K)
 Metaspace       used 76131K, committed 76672K, reserved 1122304K
  class space    used 9613K, committed 9856K, reserved 1048576K
}
Event: 487.704 GC heap before
{Heap before GC invocations=37 (full 1):
 garbage-first heap   total 109568K, used 82876K [0x0000000081600000, 0x0000000100000000)
  region size 1024K, 42 young (43008K), 7 survivors (7168K)
 Metaspace       used 76173K, committed 76672K, reserved 1122304K
  class space    used 9613K, committed 9856K, reserved 1048576K
}
Event: 487.713 GC heap after
{Heap after GC invocations=38 (full 1):
 garbage-first heap   total 109568K, used 56557K [0x0000000081600000, 0x0000000100000000)
  region size 1024K, 6 young (6144K), 6 survivors (6144K)
 Metaspace       used 76173K, committed 76672K, reserved 1122304K
  class space    used 9613K, committed 9856K, reserved 1048576K
}
Event: 487.771 GC heap before
{Heap before GC invocations=38 (full 1):
 garbage-first heap   total 109568K, used 74989K [0x0000000081600000, 0x0000000100000000)
  region size 1024K, 26 young (26624K), 6 survivors (6144K)
 Metaspace       used 76214K, committed 76736K, reserved 1122304K
  class space    used 9617K, committed 9856K, reserved 1048576K
}

